<?xml version="1.0" encoding="UTF-8"?>
<!-- Generated by org.testng.reporters.JUnitReportReporter -->
<testsuite hostname="PREDATOR" failures="0" tests="4" name="com.selenium.Day7.Task5" time="26.239" errors="0" timestamp="2023-06-05T10:34:19 IST" skipped="0">
  <testcase classname="com.selenium.Day7.Task5" name="TestCase_02" time="6.412"/>
  <system-out/>
  <testcase classname="com.selenium.Day7.Task5" name="TestCase_03" time="9.701"/>
  <system-out/>
  <testcase classname="com.selenium.Day7.Task5" name="TeastCase_01" time="10.125"/>
  <system-out/>
  <testcase classname="com.selenium.Day7.Task5" name="f" time="0.001"/>
  <system-out/>
</testsuite> <!-- com.selenium.Day7.Task5 -->
