<?xml version="1.0" encoding="UTF-8"?>
<!-- Generated by org.testng.reporters.JUnitReportReporter -->
<testsuite hostname="PREDATOR" failures="0" tests="3" name="com.selenium.Day7.NewTest" time="7.151" errors="0" timestamp="2023-06-02T12:43:05 IST" skipped="0">
  <testcase classname="com.selenium.Day7.NewTest" name="afterTest" time="0.134"/>
  <system-out/>
  <testcase classname="com.selenium.Day7.NewTest" name="beforeTest" time="2.857"/>
  <system-out/>
  <testcase classname="com.selenium.Day7.NewTest" name="facebook" time="4.160"/>
  <system-out/>
</testsuite> <!-- com.selenium.Day7.NewTest -->
