<?xml version="1.0" encoding="UTF-8"?>
<!-- Generated by org.testng.reporters.JUnitReportReporter -->
<testsuite hostname="PREDATOR" failures="0" tests="4" name="com.selenium.Day7.Task2" time="0.007" errors="0" timestamp="2023-06-05T09:26:55 IST" skipped="0">
  <testcase classname="com.selenium.Day7.Task2" name="divide" time="0.001"/>
  <system-out/>
  <testcase classname="com.selenium.Day7.Task2" name="subtract" time="0.000"/>
  <system-out/>
  <testcase classname="com.selenium.Day7.Task2" name="add" time="0.005"/>
  <system-out/>
  <testcase classname="com.selenium.Day7.Task2" name="multiply" time="0.001"/>
  <system-out/>
</testsuite> <!-- com.selenium.Day7.Task2 -->
