<?xml version="1.0" encoding="UTF-8"?>
<!-- Generated by org.testng.reporters.JUnitReportReporter -->
<testsuite hostname="PREDATOR" failures="0" tests="1" name="com.selenium.Day7.Task3" time="8.186" errors="0" timestamp="2023-06-05T09:45:35 IST" skipped="0">
  <testcase classname="com.selenium.Day7.Task3" name="f" time="8.186"/>
  <system-out/>
</testsuite> <!-- com.selenium.Day7.Task3 -->
